<?xml version="1.0" encoding="UTF-8"?>
<!-- Generated by org.testng.reporters.JUnitXMLReporter -->
<testsuite ignored="0" hostname="DESKTOP-P169PG8" failures="0" tests="7" name="Default test" time="0.072" errors="0" timestamp="2021-01-18T11:37:34 IST">
  <testcase classname="TestCalculate" name="ThreeNumberBothwayReturnsSum" time="0.006"/>
  <testcase classname="TestCalculate" name="emptyStringReturnZero" time="0.002"/>
  <testcase classname="TestCalculate" name="negativeInputReturnsException" time="0.004"/>
  <testcase classname="TestCalculate" name="numbersGreateThan1000" time="0.003"/>
  <testcase classname="TestCalculate" name="sigleNumberRepilesValue" time="0.001"/>
  <testcase classname="TestCalculate" name="twoNumbersCommaReturnsSum" time="0.004"/>
  <testcase classname="TestCalculate" name="twoNumbersNewlineReturnsSum" time="0.001"/>
</testsuite> <!-- Default test -->
